
prog:     file format elf32-littleriscv


Disassembly of section .text:

00000000 <exit>:
   0:	ff010113          	addi	x2,x2,-16
   4:	00000593          	addi	x11,x0,0
   8:	00812423          	sw	x8,8(x2)
   c:	00112623          	sw	x1,12(x2)
  10:	00050413          	addi	x8,x10,0
  14:	00000097          	auipc	x1,0x0
  18:	2a4080e7          	jalr	x1,676(x1) # 2b8 <__call_exitprocs>
  1c:	000027b7          	lui	x15,0x2
  20:	9687a503          	lw	x10,-1688(x15) # 1968 <_global_impure_ptr>
  24:	03c52783          	lw	x15,60(x10)
  28:	00078463          	beq	x15,x0,30 <exit+0x30>
  2c:	000780e7          	jalr	x1,0(x15)
  30:	00040513          	addi	x10,x8,0
  34:	00000097          	auipc	x1,0x0
  38:	4b8080e7          	jalr	x1,1208(x1) # 4ec <_exit>

0000003c <register_fini>:
  3c:	000007b7          	lui	x15,0x0
  40:	00078793          	addi	x15,x15,0 # 0 <exit>
  44:	00078a63          	beq	x15,x0,58 <register_fini+0x1c>
  48:	00000537          	lui	x10,0x0
  4c:	3dc50513          	addi	x10,x10,988 # 3dc <__libc_fini_array>
  50:	00000317          	auipc	x6,0x0
  54:	3e830067          	jalr	x0,1000(x6) # 438 <atexit>
  58:	00008067          	jalr	x0,0(x1)

0000005c <_start>:
  5c:	00002197          	auipc	x3,0x2
  60:	ce418193          	addi	x3,x3,-796 # 1d40 <__global_pointer$>
  64:	00002517          	auipc	x10,0x2
  68:	91050513          	addi	x10,x10,-1776 # 1974 <completed.1>
  6c:	00002617          	auipc	x12,0x2
  70:	92460613          	addi	x12,x12,-1756 # 1990 <__BSS_END__>
  74:	40a60633          	sub	x12,x12,x10
  78:	00000593          	addi	x11,x0,0
  7c:	00000097          	auipc	x1,0x0
  80:	160080e7          	jalr	x1,352(x1) # 1dc <memset>
  84:	00000517          	auipc	x10,0x0
  88:	3b450513          	addi	x10,x10,948 # 438 <atexit>
  8c:	00050a63          	beq	x10,x0,a0 <_start+0x44>
  90:	00000517          	auipc	x10,0x0
  94:	34c50513          	addi	x10,x10,844 # 3dc <__libc_fini_array>
  98:	00000097          	auipc	x1,0x0
  9c:	3a0080e7          	jalr	x1,928(x1) # 438 <atexit>
  a0:	00000097          	auipc	x1,0x0
  a4:	0a0080e7          	jalr	x1,160(x1) # 140 <__libc_init_array>
  a8:	00012503          	lw	x10,0(x2)
  ac:	00410593          	addi	x11,x2,4
  b0:	00000613          	addi	x12,x0,0
  b4:	00000097          	auipc	x1,0x0
  b8:	084080e7          	jalr	x1,132(x1) # 138 <main>
  bc:	00000317          	auipc	x6,0x0
  c0:	f4430067          	jalr	x0,-188(x6) # 0 <exit>

000000c4 <__do_global_dtors_aux>:
  c4:	ff010113          	addi	x2,x2,-16
  c8:	00812423          	sw	x8,8(x2)
  cc:	00002437          	lui	x8,0x2
  d0:	97444783          	lbu	x15,-1676(x8) # 1974 <completed.1>
  d4:	00112623          	sw	x1,12(x2)
  d8:	02079463          	bne	x15,x0,100 <__do_global_dtors_aux+0x3c>
  dc:	000007b7          	lui	x15,0x0
  e0:	00078793          	addi	x15,x15,0 # 0 <exit>
  e4:	00078a63          	beq	x15,x0,f8 <__do_global_dtors_aux+0x34>
  e8:	00001537          	lui	x10,0x1
  ec:	52c50513          	addi	x10,x10,1324 # 152c <__FRAME_END__>
  f0:	00000097          	auipc	x1,0x0
  f4:	000000e7          	jalr	x1,0(x0) # 0 <exit>
  f8:	00100793          	addi	x15,x0,1
  fc:	96f40a23          	sb	x15,-1676(x8)
 100:	00c12083          	lw	x1,12(x2)
 104:	00812403          	lw	x8,8(x2)
 108:	01010113          	addi	x2,x2,16
 10c:	00008067          	jalr	x0,0(x1) # f0 <__do_global_dtors_aux+0x2c>

00000110 <frame_dummy>:
 110:	000007b7          	lui	x15,0x0
 114:	00078793          	addi	x15,x15,0 # 0 <exit>
 118:	00078e63          	beq	x15,x0,134 <frame_dummy+0x24>
 11c:	000025b7          	lui	x11,0x2
 120:	00001537          	lui	x10,0x1
 124:	97858593          	addi	x11,x11,-1672 # 1978 <object.0>
 128:	52c50513          	addi	x10,x10,1324 # 152c <__FRAME_END__>
 12c:	00000317          	auipc	x6,0x0
 130:	00000067          	jalr	x0,0(x0) # 0 <exit>
 134:	00008067          	jalr	x0,0(x1)

00000138 <main>:
 138:	00000513          	addi	x10,x0,0
 13c:	00008067          	jalr	x0,0(x1)

00000140 <__libc_init_array>:
 140:	ff010113          	addi	x2,x2,-16
 144:	00812423          	sw	x8,8(x2)
 148:	000017b7          	lui	x15,0x1
 14c:	00001437          	lui	x8,0x1
 150:	01212023          	sw	x18,0(x2)
 154:	53078793          	addi	x15,x15,1328 # 1530 <__init_array_start>
 158:	53040713          	addi	x14,x8,1328 # 1530 <__init_array_start>
 15c:	00112623          	sw	x1,12(x2)
 160:	00912223          	sw	x9,4(x2)
 164:	40e78933          	sub	x18,x15,x14
 168:	02e78263          	beq	x15,x14,18c <__libc_init_array+0x4c>
 16c:	40295913          	srai	x18,x18,0x2
 170:	53040413          	addi	x8,x8,1328
 174:	00000493          	addi	x9,x0,0
 178:	00042783          	lw	x15,0(x8)
 17c:	00148493          	addi	x9,x9,1
 180:	00440413          	addi	x8,x8,4
 184:	000780e7          	jalr	x1,0(x15)
 188:	ff24e8e3          	bltu	x9,x18,178 <__libc_init_array+0x38>
 18c:	00001437          	lui	x8,0x1
 190:	000017b7          	lui	x15,0x1
 194:	53878793          	addi	x15,x15,1336 # 1538 <__do_global_dtors_aux_fini_array_entry>
 198:	53040713          	addi	x14,x8,1328 # 1530 <__init_array_start>
 19c:	40e78933          	sub	x18,x15,x14
 1a0:	40295913          	srai	x18,x18,0x2
 1a4:	02e78063          	beq	x15,x14,1c4 <__libc_init_array+0x84>
 1a8:	53040413          	addi	x8,x8,1328
 1ac:	00000493          	addi	x9,x0,0
 1b0:	00042783          	lw	x15,0(x8)
 1b4:	00148493          	addi	x9,x9,1
 1b8:	00440413          	addi	x8,x8,4
 1bc:	000780e7          	jalr	x1,0(x15)
 1c0:	ff24e8e3          	bltu	x9,x18,1b0 <__libc_init_array+0x70>
 1c4:	00c12083          	lw	x1,12(x2)
 1c8:	00812403          	lw	x8,8(x2)
 1cc:	00412483          	lw	x9,4(x2)
 1d0:	00012903          	lw	x18,0(x2)
 1d4:	01010113          	addi	x2,x2,16
 1d8:	00008067          	jalr	x0,0(x1)

000001dc <memset>:
 1dc:	00f00313          	addi	x6,x0,15
 1e0:	00050713          	addi	x14,x10,0
 1e4:	02c37e63          	bgeu	x6,x12,220 <memset+0x44>
 1e8:	00f77793          	andi	x15,x14,15
 1ec:	0a079063          	bne	x15,x0,28c <memset+0xb0>
 1f0:	08059263          	bne	x11,x0,274 <memset+0x98>
 1f4:	ff067693          	andi	x13,x12,-16
 1f8:	00f67613          	andi	x12,x12,15
 1fc:	00e686b3          	add	x13,x13,x14
 200:	00b72023          	sw	x11,0(x14)
 204:	00b72223          	sw	x11,4(x14)
 208:	00b72423          	sw	x11,8(x14)
 20c:	00b72623          	sw	x11,12(x14)
 210:	01070713          	addi	x14,x14,16
 214:	fed766e3          	bltu	x14,x13,200 <memset+0x24>
 218:	00061463          	bne	x12,x0,220 <memset+0x44>
 21c:	00008067          	jalr	x0,0(x1)
 220:	40c306b3          	sub	x13,x6,x12
 224:	00269693          	slli	x13,x13,0x2
 228:	00000297          	auipc	x5,0x0
 22c:	005686b3          	add	x13,x13,x5
 230:	00c68067          	jalr	x0,12(x13)
 234:	00b70723          	sb	x11,14(x14)
 238:	00b706a3          	sb	x11,13(x14)
 23c:	00b70623          	sb	x11,12(x14)
 240:	00b705a3          	sb	x11,11(x14)
 244:	00b70523          	sb	x11,10(x14)
 248:	00b704a3          	sb	x11,9(x14)
 24c:	00b70423          	sb	x11,8(x14)
 250:	00b703a3          	sb	x11,7(x14)
 254:	00b70323          	sb	x11,6(x14)
 258:	00b702a3          	sb	x11,5(x14)
 25c:	00b70223          	sb	x11,4(x14)
 260:	00b701a3          	sb	x11,3(x14)
 264:	00b70123          	sb	x11,2(x14)
 268:	00b700a3          	sb	x11,1(x14)
 26c:	00b70023          	sb	x11,0(x14)
 270:	00008067          	jalr	x0,0(x1)
 274:	0ff5f593          	andi	x11,x11,255
 278:	00859693          	slli	x13,x11,0x8
 27c:	00d5e5b3          	or	x11,x11,x13
 280:	01059693          	slli	x13,x11,0x10
 284:	00d5e5b3          	or	x11,x11,x13
 288:	f6dff06f          	jal	x0,1f4 <memset+0x18>
 28c:	00279693          	slli	x13,x15,0x2
 290:	00000297          	auipc	x5,0x0
 294:	005686b3          	add	x13,x13,x5
 298:	00008293          	addi	x5,x1,0
 29c:	fa0680e7          	jalr	x1,-96(x13)
 2a0:	00028093          	addi	x1,x5,0 # 290 <memset+0xb4>
 2a4:	ff078793          	addi	x15,x15,-16
 2a8:	40f70733          	sub	x14,x14,x15
 2ac:	00f60633          	add	x12,x12,x15
 2b0:	f6c378e3          	bgeu	x6,x12,220 <memset+0x44>
 2b4:	f3dff06f          	jal	x0,1f0 <memset+0x14>

000002b8 <__call_exitprocs>:
 2b8:	fd010113          	addi	x2,x2,-48
 2bc:	000027b7          	lui	x15,0x2
 2c0:	01412c23          	sw	x20,24(x2)
 2c4:	9687aa03          	lw	x20,-1688(x15) # 1968 <_global_impure_ptr>
 2c8:	03212023          	sw	x18,32(x2)
 2cc:	02112623          	sw	x1,44(x2)
 2d0:	148a2903          	lw	x18,328(x20)
 2d4:	02812423          	sw	x8,40(x2)
 2d8:	02912223          	sw	x9,36(x2)
 2dc:	01312e23          	sw	x19,28(x2)
 2e0:	01512a23          	sw	x21,20(x2)
 2e4:	01612823          	sw	x22,16(x2)
 2e8:	01712623          	sw	x23,12(x2)
 2ec:	01812423          	sw	x24,8(x2)
 2f0:	04090063          	beq	x18,x0,330 <__call_exitprocs+0x78>
 2f4:	00050b13          	addi	x22,x10,0
 2f8:	00058b93          	addi	x23,x11,0
 2fc:	00100a93          	addi	x21,x0,1
 300:	fff00993          	addi	x19,x0,-1
 304:	00492483          	lw	x9,4(x18)
 308:	fff48413          	addi	x8,x9,-1
 30c:	02044263          	blt	x8,x0,330 <__call_exitprocs+0x78>
 310:	00249493          	slli	x9,x9,0x2
 314:	009904b3          	add	x9,x18,x9
 318:	040b8463          	beq	x23,x0,360 <__call_exitprocs+0xa8>
 31c:	1044a783          	lw	x15,260(x9)
 320:	05778063          	beq	x15,x23,360 <__call_exitprocs+0xa8>
 324:	fff40413          	addi	x8,x8,-1
 328:	ffc48493          	addi	x9,x9,-4
 32c:	ff3416e3          	bne	x8,x19,318 <__call_exitprocs+0x60>
 330:	02c12083          	lw	x1,44(x2)
 334:	02812403          	lw	x8,40(x2)
 338:	02412483          	lw	x9,36(x2)
 33c:	02012903          	lw	x18,32(x2)
 340:	01c12983          	lw	x19,28(x2)
 344:	01812a03          	lw	x20,24(x2)
 348:	01412a83          	lw	x21,20(x2)
 34c:	01012b03          	lw	x22,16(x2)
 350:	00c12b83          	lw	x23,12(x2)
 354:	00812c03          	lw	x24,8(x2)
 358:	03010113          	addi	x2,x2,48
 35c:	00008067          	jalr	x0,0(x1)
 360:	00492783          	lw	x15,4(x18)
 364:	0044a683          	lw	x13,4(x9)
 368:	fff78793          	addi	x15,x15,-1
 36c:	04878e63          	beq	x15,x8,3c8 <__call_exitprocs+0x110>
 370:	0004a223          	sw	x0,4(x9)
 374:	fa0688e3          	beq	x13,x0,324 <__call_exitprocs+0x6c>
 378:	18892783          	lw	x15,392(x18)
 37c:	008a9733          	sll	x14,x21,x8
 380:	00492c03          	lw	x24,4(x18)
 384:	00f777b3          	and	x15,x14,x15
 388:	02079263          	bne	x15,x0,3ac <__call_exitprocs+0xf4>
 38c:	000680e7          	jalr	x1,0(x13)
 390:	00492703          	lw	x14,4(x18)
 394:	148a2783          	lw	x15,328(x20)
 398:	01871463          	bne	x14,x24,3a0 <__call_exitprocs+0xe8>
 39c:	f92784e3          	beq	x15,x18,324 <__call_exitprocs+0x6c>
 3a0:	f80788e3          	beq	x15,x0,330 <__call_exitprocs+0x78>
 3a4:	00078913          	addi	x18,x15,0
 3a8:	f5dff06f          	jal	x0,304 <__call_exitprocs+0x4c>
 3ac:	18c92783          	lw	x15,396(x18)
 3b0:	0844a583          	lw	x11,132(x9)
 3b4:	00f77733          	and	x14,x14,x15
 3b8:	00071c63          	bne	x14,x0,3d0 <__call_exitprocs+0x118>
 3bc:	000b0513          	addi	x10,x22,0
 3c0:	000680e7          	jalr	x1,0(x13)
 3c4:	fcdff06f          	jal	x0,390 <__call_exitprocs+0xd8>
 3c8:	00892223          	sw	x8,4(x18)
 3cc:	fa9ff06f          	jal	x0,374 <__call_exitprocs+0xbc>
 3d0:	00058513          	addi	x10,x11,0
 3d4:	000680e7          	jalr	x1,0(x13)
 3d8:	fb9ff06f          	jal	x0,390 <__call_exitprocs+0xd8>

000003dc <__libc_fini_array>:
 3dc:	ff010113          	addi	x2,x2,-16
 3e0:	00812423          	sw	x8,8(x2)
 3e4:	000017b7          	lui	x15,0x1
 3e8:	00001437          	lui	x8,0x1
 3ec:	53878793          	addi	x15,x15,1336 # 1538 <__do_global_dtors_aux_fini_array_entry>
 3f0:	53c40413          	addi	x8,x8,1340 # 153c <__fini_array_end>
 3f4:	40f40433          	sub	x8,x8,x15
 3f8:	00912223          	sw	x9,4(x2)
 3fc:	00112623          	sw	x1,12(x2)
 400:	40245493          	srai	x9,x8,0x2
 404:	02048063          	beq	x9,x0,424 <__libc_fini_array+0x48>
 408:	ffc40413          	addi	x8,x8,-4
 40c:	00f40433          	add	x8,x8,x15
 410:	00042783          	lw	x15,0(x8)
 414:	fff48493          	addi	x9,x9,-1
 418:	ffc40413          	addi	x8,x8,-4
 41c:	000780e7          	jalr	x1,0(x15)
 420:	fe0498e3          	bne	x9,x0,410 <__libc_fini_array+0x34>
 424:	00c12083          	lw	x1,12(x2)
 428:	00812403          	lw	x8,8(x2)
 42c:	00412483          	lw	x9,4(x2)
 430:	01010113          	addi	x2,x2,16
 434:	00008067          	jalr	x0,0(x1)

00000438 <atexit>:
 438:	00050593          	addi	x11,x10,0
 43c:	00000693          	addi	x13,x0,0
 440:	00000613          	addi	x12,x0,0
 444:	00000513          	addi	x10,x0,0
 448:	00000317          	auipc	x6,0x0
 44c:	00830067          	jalr	x0,8(x6) # 450 <__register_exitproc>

00000450 <__register_exitproc>:
 450:	000027b7          	lui	x15,0x2
 454:	9687a703          	lw	x14,-1688(x15) # 1968 <_global_impure_ptr>
 458:	14872783          	lw	x15,328(x14)
 45c:	04078c63          	beq	x15,x0,4b4 <__register_exitproc+0x64>
 460:	0047a703          	lw	x14,4(x15)
 464:	01f00813          	addi	x16,x0,31
 468:	06e84e63          	blt	x16,x14,4e4 <__register_exitproc+0x94>
 46c:	00271813          	slli	x16,x14,0x2
 470:	02050663          	beq	x10,x0,49c <__register_exitproc+0x4c>
 474:	01078333          	add	x6,x15,x16
 478:	08c32423          	sw	x12,136(x6)
 47c:	1887a883          	lw	x17,392(x15)
 480:	00100613          	addi	x12,x0,1
 484:	00e61633          	sll	x12,x12,x14
 488:	00c8e8b3          	or	x17,x17,x12
 48c:	1917a423          	sw	x17,392(x15)
 490:	10d32423          	sw	x13,264(x6)
 494:	00200693          	addi	x13,x0,2
 498:	02d50463          	beq	x10,x13,4c0 <__register_exitproc+0x70>
 49c:	00170713          	addi	x14,x14,1
 4a0:	00e7a223          	sw	x14,4(x15)
 4a4:	010787b3          	add	x15,x15,x16
 4a8:	00b7a423          	sw	x11,8(x15)
 4ac:	00000513          	addi	x10,x0,0
 4b0:	00008067          	jalr	x0,0(x1)
 4b4:	14c70793          	addi	x15,x14,332
 4b8:	14f72423          	sw	x15,328(x14)
 4bc:	fa5ff06f          	jal	x0,460 <__register_exitproc+0x10>
 4c0:	18c7a683          	lw	x13,396(x15)
 4c4:	00170713          	addi	x14,x14,1
 4c8:	00e7a223          	sw	x14,4(x15)
 4cc:	00c6e6b3          	or	x13,x13,x12
 4d0:	18d7a623          	sw	x13,396(x15)
 4d4:	010787b3          	add	x15,x15,x16
 4d8:	00b7a423          	sw	x11,8(x15)
 4dc:	00000513          	addi	x10,x0,0
 4e0:	00008067          	jalr	x0,0(x1)
 4e4:	fff00513          	addi	x10,x0,-1
 4e8:	00008067          	jalr	x0,0(x1)

000004ec <_exit>:
 4ec:	05d00893          	addi	x17,x0,93
 4f0:	00000073          	ecall
 4f4:	00054463          	blt	x10,x0,4fc <_exit+0x10>
 4f8:	0000006f          	jal	x0,4f8 <_exit+0xc>
 4fc:	ff010113          	addi	x2,x2,-16
 500:	00812423          	sw	x8,8(x2)
 504:	00050413          	addi	x8,x10,0
 508:	00112623          	sw	x1,12(x2)
 50c:	40800433          	sub	x8,x0,x8
 510:	00000097          	auipc	x1,0x0
 514:	010080e7          	jalr	x1,16(x1) # 520 <__errno>
 518:	00852023          	sw	x8,0(x10)
 51c:	0000006f          	jal	x0,51c <_exit+0x30>

00000520 <__errno>:
 520:	000027b7          	lui	x15,0x2
 524:	9707a503          	lw	x10,-1680(x15) # 1970 <_impure_ptr>
 528:	00008067          	jalr	x0,0(x1)
