Flow report for RVcore32
Mon Oct 03 18:17:53 2022
Quartus Prime Version 18.1.1 Build 646 04/11/2019 SJ Lite Edition


---------------------
; Table of Contents ;
---------------------
  1. Legal Notice
  2. Flow Summary
  3. Flow Settings
  4. Flow Non-Default Global Settings
  5. Flow Elapsed Time
  6. Flow OS Summary
  7. Flow Log
  8. Flow Messages
  9. Flow Suppressed Messages



----------------
; Legal Notice ;
----------------
Copyright (C) 2019  Intel Corporation. All rights reserved.
Your use of Intel Corporation's design tools, logic functions 
and other software and tools, and any partner logic 
functions, and any output files from any of the foregoing 
(including device programming or simulation files), and any 
associated documentation or information are expressly subject 
to the terms and conditions of the Intel Program License 
Subscription Agreement, the Intel Quartus Prime License Agreement,
the Intel FPGA IP License Agreement, or other applicable license
agreement, including, without limitation, that your use is for
the sole purpose of programming logic devices manufactured by
Intel and sold by Intel or its authorized distributors.  Please
refer to the applicable agreement for further details, at
https://fpgasoftware.intel.com/eula.



+----------------------------------------------------------------------------------+
; Flow Summary                                                                     ;
+------------------------------------+---------------------------------------------+
; Flow Status                        ; Successful - Mon Oct 03 18:17:53 2022       ;
; Quartus Prime Version              ; 18.1.1 Build 646 04/11/2019 SJ Lite Edition ;
; Revision Name                      ; RVcore32                                    ;
; Top-level Entity Name              ; memory_interface_inst                       ;
; Family                             ; MAX 10                                      ;
; Device                             ; 10M50DAF484C7G                              ;
; Timing Models                      ; Final                                       ;
; Total logic elements               ; 306                                         ;
;     Total combinational functions  ; 294                                         ;
;     Dedicated logic registers      ; 192                                         ;
; Total registers                    ; 192                                         ;
; Total pins                         ; 91                                          ;
; Total virtual pins                 ; 0                                           ;
; Total memory bits                  ; 0                                           ;
; Embedded Multiplier 9-bit elements ; 0                                           ;
; Total PLLs                         ; 0                                           ;
; UFM blocks                         ; 1                                           ;
; ADC blocks                         ; 0                                           ;
+------------------------------------+---------------------------------------------+


+-----------------------------------------+
; Flow Settings                           ;
+-------------------+---------------------+
; Option            ; Setting             ;
+-------------------+---------------------+
; Start date & time ; 10/03/2022 18:17:36 ;
; Main task         ; Compilation         ;
; Revision Name     ; RVcore32            ;
+-------------------+---------------------+


+----------------------------------------------------------------------------------------------------------------------------------------------------------------------------------+
; Flow Non-Default Global Settings                                                                                                                                                 ;
+-------------------------------------+-----------------------------------------------------------------------------------+---------------+-----------------------+----------------+
; Assignment Name                     ; Value                                                                             ; Default Value ; Entity Name           ; Section Id     ;
+-------------------------------------+-----------------------------------------------------------------------------------+---------------+-----------------------+----------------+
; COMPILER_SIGNATURE_ID               ; 18129497358685.166481025507536                                                    ; --            ; --                    ; --             ;
; EDA_OUTPUT_DATA_FORMAT              ; Vhdl                                                                              ; --            ; --                    ; eda_simulation ;
; EDA_SIMULATION_TOOL                 ; ModelSim-Altera (VHDL)                                                            ; <None>        ; --                    ; --             ;
; MAX_CORE_JUNCTION_TEMP              ; 85                                                                                ; --            ; --                    ; --             ;
; MESSAGE_DISABLE                     ; 332060                                                                            ; --            ; altera_onchip_flash   ; --             ;
; MIN_CORE_JUNCTION_TEMP              ; 0                                                                                 ; --            ; --                    ; --             ;
; MISC_FILE                           ; memory_interface/simulation/../../memory_interface.qsys                           ; --            ; --                    ; --             ;
; MISC_FILE                           ; memory_interface/simulation/memory_interface.vhd                                  ; --            ; --                    ; --             ;
; MISC_FILE                           ; memory_interface/simulation/submodules/altera_onchip_flash_util.v                 ; --            ; --                    ; --             ;
; MISC_FILE                           ; memory_interface/simulation/submodules/altera_onchip_flash.v                      ; --            ; --                    ; --             ;
; MISC_FILE                           ; memory_interface/simulation/submodules/altera_onchip_flash_avmm_data_controller.v ; --            ; --                    ; --             ;
; MISC_FILE                           ; memory_interface/simulation/submodules/altera_onchip_flash_avmm_csr_controller.v  ; --            ; --                    ; --             ;
; MISC_FILE                           ; memory_interface/synthesis/../memory_interface.cmp                                ; --            ; --                    ; --             ;
; MISC_FILE                           ; memory_interface/synthesis/../../memory_interface.qsys                            ; --            ; --                    ; --             ;
; PARTITION_COLOR                     ; -- (Not supported for targeted family)                                            ; --            ; memory_interface_inst ; Top            ;
; PARTITION_FITTER_PRESERVATION_LEVEL ; -- (Not supported for targeted family)                                            ; --            ; memory_interface_inst ; Top            ;
; PARTITION_NETLIST_TYPE              ; -- (Not supported for targeted family)                                            ; --            ; memory_interface_inst ; Top            ;
; PROJECT_OUTPUT_DIRECTORY            ; output_files                                                                      ; --            ; --                    ; --             ;
; SLD_FILE                            ; memory_interface/synthesis/memory_interface.debuginfo                             ; --            ; --                    ; --             ;
; SLD_INFO                            ; QSYS_NAME memory_interface HAS_SOPCINFO 1 GENERATION_ID 1664803017                ; --            ; memory_interface      ; --             ;
; SOPCINFO_FILE                       ; memory_interface/synthesis/../../memory_interface.sopcinfo                        ; --            ; --                    ; --             ;
; SPD_FILE                            ; memory_interface/simulation/../memory_interface.spd                               ; --            ; --                    ; --             ;
; SYNTHESIS_ONLY_QIP                  ; On                                                                                ; --            ; --                    ; --             ;
; TOP_LEVEL_ENTITY                    ; memory_interface_inst                                                             ; RVcore32      ; --                    ; --             ;
+-------------------------------------+-----------------------------------------------------------------------------------+---------------+-----------------------+----------------+


+--------------------------------------------------------------------------------------------------------------------------+
; Flow Elapsed Time                                                                                                        ;
+----------------------+--------------+-------------------------+---------------------+------------------------------------+
; Module Name          ; Elapsed Time ; Average Processors Used ; Peak Virtual Memory ; Total CPU Time (on all processors) ;
+----------------------+--------------+-------------------------+---------------------+------------------------------------+
; Analysis & Synthesis ; 00:00:17     ; 1.0                     ; 4787 MB             ; 00:00:36                           ;
; Total                ; 00:00:17     ; --                      ; --                  ; 00:00:36                           ;
+----------------------+--------------+-------------------------+---------------------+------------------------------------+


+------------------------------------------------------------------------------------+
; Flow OS Summary                                                                    ;
+----------------------+------------------+------------+------------+----------------+
; Module Name          ; Machine Hostname ; OS Name    ; OS Version ; Processor type ;
+----------------------+------------------+------------+------------+----------------+
; Analysis & Synthesis ; DESKTOP-KU2MQGP  ; Windows 10 ; 10.0       ; x86_64         ;
+----------------------+------------------+------------+------------+----------------+


------------
; Flow Log ;
------------
quartus_map --read_settings_files=on --write_settings_files=off RVcore32 -c RVcore32



