Flow report for rvcore32
Thu Dec 15 16:23:42 2022
Quartus Prime Version 21.1.0 Build 842 10/21/2021 SJ Lite Edition


---------------------
; Table of Contents ;
---------------------
  1. Legal Notice
  2. Flow Summary
  3. Flow Settings
  4. Flow Non-Default Global Settings
  5. Flow Elapsed Time
  6. Flow OS Summary
  7. Flow Log
  8. Flow Messages
  9. Flow Suppressed Messages



----------------
; Legal Notice ;
----------------
Copyright (C) 2021  Intel Corporation. All rights reserved.
Your use of Intel Corporation's design tools, logic functions 
and other software and tools, and any partner logic 
functions, and any output files from any of the foregoing 
(including device programming or simulation files), and any 
associated documentation or information are expressly subject 
to the terms and conditions of the Intel Program License 
Subscription Agreement, the Intel Quartus Prime License Agreement,
the Intel FPGA IP License Agreement, or other applicable license
agreement, including, without limitation, that your use is for
the sole purpose of programming logic devices manufactured by
Intel and sold by Intel or its authorized distributors.  Please
refer to the applicable agreement for further details, at
https://fpgasoftware.intel.com/eula.



+----------------------------------------------------------------------------------+
; Flow Summary                                                                     ;
+------------------------------------+---------------------------------------------+
; Flow Status                        ; Successful - Thu Dec 15 16:23:42 2022       ;
; Quartus Prime Version              ; 21.1.0 Build 842 10/21/2021 SJ Lite Edition ;
; Revision Name                      ; rvcore32                                    ;
; Top-level Entity Name              ; main                                        ;
; Family                             ; MAX 10                                      ;
; Device                             ; 10M50DAF484C7G                              ;
; Timing Models                      ; Final                                       ;
; Total logic elements               ; 3,968 / 49,760 ( 8 % )                      ;
;     Total combinational functions  ; 2,691 / 49,760 ( 5 % )                      ;
;     Dedicated logic registers      ; 1,692 / 49,760 ( 3 % )                      ;
; Total registers                    ; 1692                                        ;
; Total pins                         ; 34 / 360 ( 9 % )                            ;
; Total virtual pins                 ; 0                                           ;
; Total memory bits                  ; 262,144 / 1,677,312 ( 16 % )                ;
; Embedded Multiplier 9-bit elements ; 0 / 288 ( 0 % )                             ;
; Total PLLs                         ; 0 / 4 ( 0 % )                               ;
; UFM blocks                         ; 0 / 1 ( 0 % )                               ;
; ADC blocks                         ; 0 / 2 ( 0 % )                               ;
+------------------------------------+---------------------------------------------+


+-----------------------------------------+
; Flow Settings                           ;
+-------------------+---------------------+
; Option            ; Setting             ;
+-------------------+---------------------+
; Start date & time ; 12/15/2022 16:22:25 ;
; Main task         ; Compilation         ;
; Revision Name     ; rvcore32            ;
+-------------------+---------------------+


+------------------------------------------------------------------------------------------------------------------------------------------------------------------------+
; Flow Non-Default Global Settings                                                                                                                                       ;
+--------------------------------------+----------------------------------------+--------------------------------------+-------------+-----------------------------------+
; Assignment Name                      ; Value                                  ; Default Value                        ; Entity Name ; Section Id                        ;
+--------------------------------------+----------------------------------------+--------------------------------------+-------------+-----------------------------------+
; COMPILER_SIGNATURE_ID                ; 41889521181140.167111054515971         ; --                                   ; --          ; --                                ;
; EDA_DESIGN_INSTANCE_NAME             ; NA                                     ; --                                   ; --          ; memory_interface_tb               ;
; EDA_ENABLE_GLITCH_FILTERING          ; On                                     ; --                                   ; --          ; eda_simulation                    ;
; EDA_GENERATE_FUNCTIONAL_NETLIST      ; Off                                    ; --                                   ; --          ; eda_board_design_timing           ;
; EDA_GENERATE_FUNCTIONAL_NETLIST      ; Off                                    ; --                                   ; --          ; eda_board_design_boundary_scan    ;
; EDA_GENERATE_FUNCTIONAL_NETLIST      ; Off                                    ; --                                   ; --          ; eda_board_design_signal_integrity ;
; EDA_GENERATE_FUNCTIONAL_NETLIST      ; Off                                    ; --                                   ; --          ; eda_board_design_symbol           ;
; EDA_MAP_ILLEGAL_CHARACTERS           ; On                                     ; --                                   ; --          ; eda_simulation                    ;
; EDA_NATIVELINK_SIMULATION_TEST_BENCH ; memory_interface_tb                    ; --                                   ; --          ; eda_simulation                    ;
; EDA_OUTPUT_DATA_FORMAT               ; Vhdl                                   ; --                                   ; --          ; eda_simulation                    ;
; EDA_SIMULATION_TOOL                  ; Questa Intel FPGA (VHDL)               ; <None>                               ; --          ; --                                ;
; EDA_TEST_BENCH_ENABLE_STATUS         ; TEST_BENCH_MODE                        ; --                                   ; --          ; eda_simulation                    ;
; EDA_TEST_BENCH_FILE                  ; testbenches/memory_interface_tb.vhd    ; --                                   ; --          ; memory_interface_tb               ;
; EDA_TEST_BENCH_MODULE_NAME           ; memory_interface_tb                    ; --                                   ; --          ; memory_interface_tb               ;
; EDA_TEST_BENCH_NAME                  ; memory_interface_tb                    ; --                                   ; --          ; eda_simulation                    ;
; EDA_TIME_SCALE                       ; 1 ps                                   ; --                                   ; --          ; eda_simulation                    ;
; MAX_CORE_JUNCTION_TEMP               ; 85                                     ; --                                   ; --          ; --                                ;
; MIN_CORE_JUNCTION_TEMP               ; 0                                      ; --                                   ; --          ; --                                ;
; MISC_FILE                            ; components/ram/ram.cmp                 ; --                                   ; --          ; --                                ;
; MISC_FILE                            ; components/rom/rom.cmp                 ; --                                   ; --          ; --                                ;
; NUM_PARALLEL_PROCESSORS              ; All                                    ; --                                   ; --          ; --                                ;
; OUTPUT_IO_TIMING_FAR_END_VMEAS       ; Half Signal Swing                      ; --                                   ; --          ; --                                ;
; OUTPUT_IO_TIMING_FAR_END_VMEAS       ; Half Signal Swing                      ; --                                   ; --          ; --                                ;
; OUTPUT_IO_TIMING_NEAR_END_VMEAS      ; Half Vccio                             ; --                                   ; --          ; --                                ;
; OUTPUT_IO_TIMING_NEAR_END_VMEAS      ; Half Vccio                             ; --                                   ; --          ; --                                ;
; PARTITION_COLOR                      ; -- (Not supported for targeted family) ; --                                   ; main        ; Top                               ;
; PARTITION_FITTER_PRESERVATION_LEVEL  ; -- (Not supported for targeted family) ; --                                   ; main        ; Top                               ;
; PARTITION_NETLIST_TYPE               ; -- (Not supported for targeted family) ; --                                   ; main        ; Top                               ;
; POWER_BOARD_THERMAL_MODEL            ; None (CONSERVATIVE)                    ; --                                   ; --          ; --                                ;
; POWER_PRESET_COOLING_SOLUTION        ; 23 MM HEAT SINK WITH 200 LFPM AIRFLOW  ; --                                   ; --          ; --                                ;
; PROJECT_IP_REGENERATION_POLICY       ; ALWAYS_REGENERATE_IP                   ; SKIP_REGENERATING_IP_IF_HDL_MODIFIED ; --          ; --                                ;
; PROJECT_OUTPUT_DIRECTORY             ; output_files                           ; --                                   ; --          ; --                                ;
; TOP_LEVEL_ENTITY                     ; main                                   ; rvcore32                             ; --          ; --                                ;
; VHDL_INPUT_VERSION                   ; VHDL_2008                              ; VHDL_1993                            ; --          ; --                                ;
; VHDL_SHOW_LMF_MAPPING_MESSAGES       ; Off                                    ; --                                   ; --          ; --                                ;
+--------------------------------------+----------------------------------------+--------------------------------------+-------------+-----------------------------------+


+--------------------------------------------------------------------------------------------------------------------------+
; Flow Elapsed Time                                                                                                        ;
+----------------------+--------------+-------------------------+---------------------+------------------------------------+
; Module Name          ; Elapsed Time ; Average Processors Used ; Peak Virtual Memory ; Total CPU Time (on all processors) ;
+----------------------+--------------+-------------------------+---------------------+------------------------------------+
; Analysis & Synthesis ; 00:00:18     ; 1.0                     ; 677 MB              ; 00:00:26                           ;
; Fitter               ; 00:00:42     ; 1.3                     ; 1395 MB             ; 00:01:08                           ;
; Assembler            ; 00:00:03     ; 1.0                     ; 590 MB              ; 00:00:03                           ;
; Timing Analyzer      ; 00:00:05     ; 2.0                     ; 788 MB              ; 00:00:09                           ;
; EDA Netlist Writer   ; 00:00:02     ; 1.0                     ; 853 MB              ; 00:00:01                           ;
; Total                ; 00:01:10     ; --                      ; --                  ; 00:01:47                           ;
+----------------------+--------------+-------------------------+---------------------+------------------------------------+


+--------------------------------------------------------------------------------------+
; Flow OS Summary                                                                      ;
+----------------------+------------------+-------------+-------------+----------------+
; Module Name          ; Machine Hostname ; OS Name     ; OS Version  ; Processor type ;
+----------------------+------------------+-------------+-------------+----------------+
; Analysis & Synthesis ; mj-laptop        ; Fedora Core ; Fedora Core ; x86_64         ;
; Fitter               ; mj-laptop        ; Fedora Core ; Fedora Core ; x86_64         ;
; Assembler            ; mj-laptop        ; Fedora Core ; Fedora Core ; x86_64         ;
; Timing Analyzer      ; mj-laptop        ; Fedora Core ; Fedora Core ; x86_64         ;
; EDA Netlist Writer   ; mj-laptop        ; Fedora Core ; Fedora Core ; x86_64         ;
+----------------------+------------------+-------------+-------------+----------------+


------------
; Flow Log ;
------------
quartus_map --read_settings_files=on --write_settings_files=off rvcore32 -c rvcore32
quartus_fit --read_settings_files=off --write_settings_files=off rvcore32 -c rvcore32
quartus_asm --read_settings_files=off --write_settings_files=off rvcore32 -c rvcore32
quartus_sta rvcore32 -c rvcore32
quartus_eda --read_settings_files=off --write_settings_files=off rvcore32 -c rvcore32



